libtool: compile:  gcc -I. -I/vagrant/zephir_code/my/ext -DPHP_ATOM_INC -I/vagrant/zephir_code/my/ext/include -I/vagrant/zephir_code/my/ext/main -I/vagrant/zephir_code/my/ext -I/usr/include/php5 -I/usr/include/php5/main -I/usr/include/php5/TSRM -I/usr/include/php5/Zend -I/usr/include/php5/ext -I/usr/include/php5/ext/date/lib -DHAVE_CONFIG_H -O2 -fvisibility=hidden -Wparentheses -flto -DZEPHIR_RELEASE=1 -c /vagrant/zephir_code/my/ext/my.c  -fPIC -DPIC -o .libs/my.o
libtool: compile:  gcc -I. -I/vagrant/zephir_code/my/ext -DPHP_ATOM_INC -I/vagrant/zephir_code/my/ext/include -I/vagrant/zephir_code/my/ext/main -I/vagrant/zephir_code/my/ext -I/usr/include/php5 -I/usr/include/php5/main -I/usr/include/php5/TSRM -I/usr/include/php5/Zend -I/usr/include/php5/ext -I/usr/include/php5/ext/date/lib -DHAVE_CONFIG_H -O2 -fvisibility=hidden -Wparentheses -flto -DZEPHIR_RELEASE=1 -c /vagrant/zephir_code/my/ext/kernel/main.c  -fPIC -DPIC -o kernel/.libs/main.o
libtool: compile:  gcc -I. -I/vagrant/zephir_code/my/ext -DPHP_ATOM_INC -I/vagrant/zephir_code/my/ext/include -I/vagrant/zephir_code/my/ext/main -I/vagrant/zephir_code/my/ext -I/usr/include/php5 -I/usr/include/php5/main -I/usr/include/php5/TSRM -I/usr/include/php5/Zend -I/usr/include/php5/ext -I/usr/include/php5/ext/date/lib -DHAVE_CONFIG_H -O2 -fvisibility=hidden -Wparentheses -flto -DZEPHIR_RELEASE=1 -c /vagrant/zephir_code/my/ext/kernel/memory.c  -fPIC -DPIC -o kernel/.libs/memory.o
libtool: compile:  gcc -I. -I/vagrant/zephir_code/my/ext -DPHP_ATOM_INC -I/vagrant/zephir_code/my/ext/include -I/vagrant/zephir_code/my/ext/main -I/vagrant/zephir_code/my/ext -I/usr/include/php5 -I/usr/include/php5/main -I/usr/include/php5/TSRM -I/usr/include/php5/Zend -I/usr/include/php5/ext -I/usr/include/php5/ext/date/lib -DHAVE_CONFIG_H -O2 -fvisibility=hidden -Wparentheses -flto -DZEPHIR_RELEASE=1 -c /vagrant/zephir_code/my/ext/kernel/exception.c  -fPIC -DPIC -o kernel/.libs/exception.o
libtool: compile:  gcc -I. -I/vagrant/zephir_code/my/ext -DPHP_ATOM_INC -I/vagrant/zephir_code/my/ext/include -I/vagrant/zephir_code/my/ext/main -I/vagrant/zephir_code/my/ext -I/usr/include/php5 -I/usr/include/php5/main -I/usr/include/php5/TSRM -I/usr/include/php5/Zend -I/usr/include/php5/ext -I/usr/include/php5/ext/date/lib -DHAVE_CONFIG_H -O2 -fvisibility=hidden -Wparentheses -flto -DZEPHIR_RELEASE=1 -c /vagrant/zephir_code/my/ext/kernel/hash.c  -fPIC -DPIC -o kernel/.libs/hash.o
libtool: compile:  gcc -I. -I/vagrant/zephir_code/my/ext -DPHP_ATOM_INC -I/vagrant/zephir_code/my/ext/include -I/vagrant/zephir_code/my/ext/main -I/vagrant/zephir_code/my/ext -I/usr/include/php5 -I/usr/include/php5/main -I/usr/include/php5/TSRM -I/usr/include/php5/Zend -I/usr/include/php5/ext -I/usr/include/php5/ext/date/lib -DHAVE_CONFIG_H -O2 -fvisibility=hidden -Wparentheses -flto -DZEPHIR_RELEASE=1 -c /vagrant/zephir_code/my/ext/kernel/debug.c  -fPIC -DPIC -o kernel/.libs/debug.o
libtool: compile:  gcc -I. -I/vagrant/zephir_code/my/ext -DPHP_ATOM_INC -I/vagrant/zephir_code/my/ext/include -I/vagrant/zephir_code/my/ext/main -I/vagrant/zephir_code/my/ext -I/usr/include/php5 -I/usr/include/php5/main -I/usr/include/php5/TSRM -I/usr/include/php5/Zend -I/usr/include/php5/ext -I/usr/include/php5/ext/date/lib -DHAVE_CONFIG_H -O2 -fvisibility=hidden -Wparentheses -flto -DZEPHIR_RELEASE=1 -c /vagrant/zephir_code/my/ext/kernel/backtrace.c  -fPIC -DPIC -o kernel/.libs/backtrace.o
libtool: compile:  gcc -I. -I/vagrant/zephir_code/my/ext -DPHP_ATOM_INC -I/vagrant/zephir_code/my/ext/include -I/vagrant/zephir_code/my/ext/main -I/vagrant/zephir_code/my/ext -I/usr/include/php5 -I/usr/include/php5/main -I/usr/include/php5/TSRM -I/usr/include/php5/Zend -I/usr/include/php5/ext -I/usr/include/php5/ext/date/lib -DHAVE_CONFIG_H -O2 -fvisibility=hidden -Wparentheses -flto -DZEPHIR_RELEASE=1 -c /vagrant/zephir_code/my/ext/kernel/object.c  -fPIC -DPIC -o kernel/.libs/object.o
libtool: compile:  gcc -I. -I/vagrant/zephir_code/my/ext -DPHP_ATOM_INC -I/vagrant/zephir_code/my/ext/include -I/vagrant/zephir_code/my/ext/main -I/vagrant/zephir_code/my/ext -I/usr/include/php5 -I/usr/include/php5/main -I/usr/include/php5/TSRM -I/usr/include/php5/Zend -I/usr/include/php5/ext -I/usr/include/php5/ext/date/lib -DHAVE_CONFIG_H -O2 -fvisibility=hidden -Wparentheses -flto -DZEPHIR_RELEASE=1 -c /vagrant/zephir_code/my/ext/kernel/array.c  -fPIC -DPIC -o kernel/.libs/array.o
libtool: compile:  gcc -I. -I/vagrant/zephir_code/my/ext -DPHP_ATOM_INC -I/vagrant/zephir_code/my/ext/include -I/vagrant/zephir_code/my/ext/main -I/vagrant/zephir_code/my/ext -I/usr/include/php5 -I/usr/include/php5/main -I/usr/include/php5/TSRM -I/usr/include/php5/Zend -I/usr/include/php5/ext -I/usr/include/php5/ext/date/lib -DHAVE_CONFIG_H -O2 -fvisibility=hidden -Wparentheses -flto -DZEPHIR_RELEASE=1 -c /vagrant/zephir_code/my/ext/kernel/string.c  -fPIC -DPIC -o kernel/.libs/string.o
libtool: compile:  gcc -I. -I/vagrant/zephir_code/my/ext -DPHP_ATOM_INC -I/vagrant/zephir_code/my/ext/include -I/vagrant/zephir_code/my/ext/main -I/vagrant/zephir_code/my/ext -I/usr/include/php5 -I/usr/include/php5/main -I/usr/include/php5/TSRM -I/usr/include/php5/Zend -I/usr/include/php5/ext -I/usr/include/php5/ext/date/lib -DHAVE_CONFIG_H -O2 -fvisibility=hidden -Wparentheses -flto -DZEPHIR_RELEASE=1 -c /vagrant/zephir_code/my/ext/kernel/extended/array.c  -fPIC -DPIC -o kernel/extended/.libs/array.o
libtool: compile:  gcc -I. -I/vagrant/zephir_code/my/ext -DPHP_ATOM_INC -I/vagrant/zephir_code/my/ext/include -I/vagrant/zephir_code/my/ext/main -I/vagrant/zephir_code/my/ext -I/usr/include/php5 -I/usr/include/php5/main -I/usr/include/php5/TSRM -I/usr/include/php5/Zend -I/usr/include/php5/ext -I/usr/include/php5/ext/date/lib -DHAVE_CONFIG_H -O2 -fvisibility=hidden -Wparentheses -flto -DZEPHIR_RELEASE=1 -c /vagrant/zephir_code/my/ext/kernel/fcall.c  -fPIC -DPIC -o kernel/.libs/fcall.o
libtool: compile:  gcc -I. -I/vagrant/zephir_code/my/ext -DPHP_ATOM_INC -I/vagrant/zephir_code/my/ext/include -I/vagrant/zephir_code/my/ext/main -I/vagrant/zephir_code/my/ext -I/usr/include/php5 -I/usr/include/php5/main -I/usr/include/php5/TSRM -I/usr/include/php5/Zend -I/usr/include/php5/ext -I/usr/include/php5/ext/date/lib -DHAVE_CONFIG_H -O2 -fvisibility=hidden -Wparentheses -flto -DZEPHIR_RELEASE=1 -c /vagrant/zephir_code/my/ext/kernel/extended/fcall.c  -fPIC -DPIC -o kernel/extended/.libs/fcall.o
libtool: compile:  gcc -I. -I/vagrant/zephir_code/my/ext -DPHP_ATOM_INC -I/vagrant/zephir_code/my/ext/include -I/vagrant/zephir_code/my/ext/main -I/vagrant/zephir_code/my/ext -I/usr/include/php5 -I/usr/include/php5/main -I/usr/include/php5/TSRM -I/usr/include/php5/Zend -I/usr/include/php5/ext -I/usr/include/php5/ext/date/lib -DHAVE_CONFIG_H -O2 -fvisibility=hidden -Wparentheses -flto -DZEPHIR_RELEASE=1 -c /vagrant/zephir_code/my/ext/kernel/require.c  -fPIC -DPIC -o kernel/.libs/require.o
libtool: compile:  gcc -I. -I/vagrant/zephir_code/my/ext -DPHP_ATOM_INC -I/vagrant/zephir_code/my/ext/include -I/vagrant/zephir_code/my/ext/main -I/vagrant/zephir_code/my/ext -I/usr/include/php5 -I/usr/include/php5/main -I/usr/include/php5/TSRM -I/usr/include/php5/Zend -I/usr/include/php5/ext -I/usr/include/php5/ext/date/lib -DHAVE_CONFIG_H -O2 -fvisibility=hidden -Wparentheses -flto -DZEPHIR_RELEASE=1 -c /vagrant/zephir_code/my/ext/kernel/file.c  -fPIC -DPIC -o kernel/.libs/file.o
libtool: compile:  gcc -I. -I/vagrant/zephir_code/my/ext -DPHP_ATOM_INC -I/vagrant/zephir_code/my/ext/include -I/vagrant/zephir_code/my/ext/main -I/vagrant/zephir_code/my/ext -I/usr/include/php5 -I/usr/include/php5/main -I/usr/include/php5/TSRM -I/usr/include/php5/Zend -I/usr/include/php5/ext -I/usr/include/php5/ext/date/lib -DHAVE_CONFIG_H -O2 -fvisibility=hidden -Wparentheses -flto -DZEPHIR_RELEASE=1 -c /vagrant/zephir_code/my/ext/kernel/operators.c  -fPIC -DPIC -o kernel/.libs/operators.o
libtool: compile:  gcc -I. -I/vagrant/zephir_code/my/ext -DPHP_ATOM_INC -I/vagrant/zephir_code/my/ext/include -I/vagrant/zephir_code/my/ext/main -I/vagrant/zephir_code/my/ext -I/usr/include/php5 -I/usr/include/php5/main -I/usr/include/php5/TSRM -I/usr/include/php5/Zend -I/usr/include/php5/ext -I/usr/include/php5/ext/date/lib -DHAVE_CONFIG_H -O2 -fvisibility=hidden -Wparentheses -flto -DZEPHIR_RELEASE=1 -c /vagrant/zephir_code/my/ext/kernel/math.c  -fPIC -DPIC -o kernel/.libs/math.o
libtool: compile:  gcc -I. -I/vagrant/zephir_code/my/ext -DPHP_ATOM_INC -I/vagrant/zephir_code/my/ext/include -I/vagrant/zephir_code/my/ext/main -I/vagrant/zephir_code/my/ext -I/usr/include/php5 -I/usr/include/php5/main -I/usr/include/php5/TSRM -I/usr/include/php5/Zend -I/usr/include/php5/ext -I/usr/include/php5/ext/date/lib -DHAVE_CONFIG_H -O2 -fvisibility=hidden -Wparentheses -flto -DZEPHIR_RELEASE=1 -c /vagrant/zephir_code/my/ext/kernel/concat.c  -fPIC -DPIC -o kernel/.libs/concat.o
libtool: compile:  gcc -I. -I/vagrant/zephir_code/my/ext -DPHP_ATOM_INC -I/vagrant/zephir_code/my/ext/include -I/vagrant/zephir_code/my/ext/main -I/vagrant/zephir_code/my/ext -I/usr/include/php5 -I/usr/include/php5/main -I/usr/include/php5/TSRM -I/usr/include/php5/Zend -I/usr/include/php5/ext -I/usr/include/php5/ext/date/lib -DHAVE_CONFIG_H -O2 -fvisibility=hidden -Wparentheses -flto -DZEPHIR_RELEASE=1 -c /vagrant/zephir_code/my/ext/kernel/variables.c  -fPIC -DPIC -o kernel/.libs/variables.o
libtool: compile:  gcc -I. -I/vagrant/zephir_code/my/ext -DPHP_ATOM_INC -I/vagrant/zephir_code/my/ext/include -I/vagrant/zephir_code/my/ext/main -I/vagrant/zephir_code/my/ext -I/usr/include/php5 -I/usr/include/php5/main -I/usr/include/php5/TSRM -I/usr/include/php5/Zend -I/usr/include/php5/ext -I/usr/include/php5/ext/date/lib -DHAVE_CONFIG_H -O2 -fvisibility=hidden -Wparentheses -flto -DZEPHIR_RELEASE=1 -c /vagrant/zephir_code/my/ext/kernel/filter.c  -fPIC -DPIC -o kernel/.libs/filter.o
libtool: compile:  gcc -I. -I/vagrant/zephir_code/my/ext -DPHP_ATOM_INC -I/vagrant/zephir_code/my/ext/include -I/vagrant/zephir_code/my/ext/main -I/vagrant/zephir_code/my/ext -I/usr/include/php5 -I/usr/include/php5/main -I/usr/include/php5/TSRM -I/usr/include/php5/Zend -I/usr/include/php5/ext -I/usr/include/php5/ext/date/lib -DHAVE_CONFIG_H -O2 -fvisibility=hidden -Wparentheses -flto -DZEPHIR_RELEASE=1 -c /vagrant/zephir_code/my/ext/kernel/iterator.c  -fPIC -DPIC -o kernel/.libs/iterator.o
libtool: compile:  gcc -I. -I/vagrant/zephir_code/my/ext -DPHP_ATOM_INC -I/vagrant/zephir_code/my/ext/include -I/vagrant/zephir_code/my/ext/main -I/vagrant/zephir_code/my/ext -I/usr/include/php5 -I/usr/include/php5/main -I/usr/include/php5/TSRM -I/usr/include/php5/Zend -I/usr/include/php5/ext -I/usr/include/php5/ext/date/lib -DHAVE_CONFIG_H -O2 -fvisibility=hidden -Wparentheses -flto -DZEPHIR_RELEASE=1 -c /vagrant/zephir_code/my/ext/kernel/time.c  -fPIC -DPIC -o kernel/.libs/time.o
libtool: compile:  gcc -I. -I/vagrant/zephir_code/my/ext -DPHP_ATOM_INC -I/vagrant/zephir_code/my/ext/include -I/vagrant/zephir_code/my/ext/main -I/vagrant/zephir_code/my/ext -I/usr/include/php5 -I/usr/include/php5/main -I/usr/include/php5/TSRM -I/usr/include/php5/Zend -I/usr/include/php5/ext -I/usr/include/php5/ext/date/lib -DHAVE_CONFIG_H -O2 -fvisibility=hidden -Wparentheses -flto -DZEPHIR_RELEASE=1 -c /vagrant/zephir_code/my/ext/kernel/exit.c  -fPIC -DPIC -o kernel/.libs/exit.o
libtool: compile:  gcc -I. -I/vagrant/zephir_code/my/ext -DPHP_ATOM_INC -I/vagrant/zephir_code/my/ext/include -I/vagrant/zephir_code/my/ext/main -I/vagrant/zephir_code/my/ext -I/usr/include/php5 -I/usr/include/php5/main -I/usr/include/php5/TSRM -I/usr/include/php5/Zend -I/usr/include/php5/ext -I/usr/include/php5/ext/date/lib -DHAVE_CONFIG_H -O2 -fvisibility=hidden -Wparentheses -flto -DZEPHIR_RELEASE=1 -c /vagrant/zephir_code/my/ext/my/mongo/client.zep.c  -fPIC -DPIC -o my/mongo/.libs/client.o
libtool: compile:  gcc -I. -I/vagrant/zephir_code/my/ext -DPHP_ATOM_INC -I/vagrant/zephir_code/my/ext/include -I/vagrant/zephir_code/my/ext/main -I/vagrant/zephir_code/my/ext -I/usr/include/php5 -I/usr/include/php5/main -I/usr/include/php5/TSRM -I/usr/include/php5/Zend -I/usr/include/php5/ext -I/usr/include/php5/ext/date/lib -DHAVE_CONFIG_H -O2 -fvisibility=hidden -Wparentheses -flto -DZEPHIR_RELEASE=1 -c /vagrant/zephir_code/my/ext/my/mongo/collection.zep.c  -fPIC -DPIC -o my/mongo/.libs/collection.o
libtool: compile:  gcc -I. -I/vagrant/zephir_code/my/ext -DPHP_ATOM_INC -I/vagrant/zephir_code/my/ext/include -I/vagrant/zephir_code/my/ext/main -I/vagrant/zephir_code/my/ext -I/usr/include/php5 -I/usr/include/php5/main -I/usr/include/php5/TSRM -I/usr/include/php5/Zend -I/usr/include/php5/ext -I/usr/include/php5/ext/date/lib -DHAVE_CONFIG_H -O2 -fvisibility=hidden -Wparentheses -flto -DZEPHIR_RELEASE=1 -c /vagrant/zephir_code/my/ext/my/utils/lock.zep.c  -fPIC -DPIC -o my/utils/.libs/lock.o
libtool: compile:  gcc -I. -I/vagrant/zephir_code/my/ext -DPHP_ATOM_INC -I/vagrant/zephir_code/my/ext/include -I/vagrant/zephir_code/my/ext/main -I/vagrant/zephir_code/my/ext -I/usr/include/php5 -I/usr/include/php5/main -I/usr/include/php5/TSRM -I/usr/include/php5/Zend -I/usr/include/php5/ext -I/usr/include/php5/ext/date/lib -DHAVE_CONFIG_H -O2 -fvisibility=hidden -Wparentheses -flto -DZEPHIR_RELEASE=1 -c /vagrant/zephir_code/my/ext/my/utils/registry.zep.c  -fPIC -DPIC -o my/utils/.libs/registry.o
libtool: link: gcc -shared  -fPIC -DPIC  .libs/my.o kernel/.libs/main.o kernel/.libs/memory.o kernel/.libs/exception.o kernel/.libs/hash.o kernel/.libs/debug.o kernel/.libs/backtrace.o kernel/.libs/object.o kernel/.libs/array.o kernel/extended/.libs/array.o kernel/.libs/string.o kernel/.libs/fcall.o kernel/extended/.libs/fcall.o kernel/.libs/require.o kernel/.libs/file.o kernel/.libs/operators.o kernel/.libs/math.o kernel/.libs/concat.o kernel/.libs/variables.o kernel/.libs/filter.o kernel/.libs/iterator.o kernel/.libs/time.o kernel/.libs/exit.o my/mongo/.libs/client.o my/mongo/.libs/collection.o my/utils/.libs/lock.o my/utils/.libs/registry.o    -O2 -flto   -Wl,-soname -Wl,my.so -o .libs/my.so
libtool: link: ( cd ".libs" && rm -f "my.la" && cp -p "../my.la" "my.la" )
libtool: install: cp ./.libs/my.so /vagrant/zephir_code/my/ext/modules/my.so
libtool: install: cp ./.libs/my.lai /vagrant/zephir_code/my/ext/modules/my.la
libtool: finish: PATH="/usr/local/sbin:/usr/local/bin:/usr/sbin:/usr/bin:/sbin:/bin:/usr/games:/opt/vagrant_ruby/bin:/sbin" ldconfig -n /vagrant/zephir_code/my/ext/modules
----------------------------------------------------------------------
Libraries have been installed in:
   /vagrant/zephir_code/my/ext/modules

If you ever happen to want to link against installed libraries
in a given directory, LIBDIR, you must either use libtool, and
specify the full pathname of the library, or use the `-LLIBDIR'
flag during linking and do at least one of the following:
   - add LIBDIR to the `LD_LIBRARY_PATH' environment variable
     during execution
   - add LIBDIR to the `LD_RUN_PATH' environment variable
     during linking
   - use the `-Wl,-rpath -Wl,LIBDIR' linker flag
   - have your system administrator add LIBDIR to `/etc/ld.so.conf'

See any operating system documentation about shared libraries for
more information, such as the ld(1) and ld.so(8) manual pages.
----------------------------------------------------------------------

Build complete.
Don't forget to run 'make test'.

Installing shared extensions:     /usr/lib/php5/20121212/
Installing header files:          /usr/include/php5/
